<?xml version="1.0" encoding="UTF-8"?>
<!-- Generated by org.testng.reporters.JUnitXMLReporter -->
<testsuite ignored="0" hostname="DESKTOP-ONS9RRD" failures="0" tests="4" name="Default test" time="0.098" errors="0" timestamp="2022-04-28T19:49:46 IST">
  <testcase classname="assignment.PriorityExample$Priority_Program" name="a" time="0.008"/>
  <testcase classname="assignment.PriorityExample$Priority_Program" name="d" time="0.004"/>
  <testcase classname="assignment.PriorityExample$Priority_Program" name="b" time="0.002"/>
  <testcase classname="assignment.PriorityExample$Priority_Program" name="c" time="0.002"/>
</testsuite> <!-- Default test -->
