<?xml version="1.0" encoding="UTF-8"?>
<testng-results ignored="0" total="4" passed="4" failed="0" skipped="0">
  <reporter-output>
  </reporter-output>
  <suite started-at="2022-04-28T19:49:46 IST" name="Default suite" finished-at="2022-04-28T19:49:46 IST" duration-ms="98">
    <groups>
    </groups>
    <test started-at="2022-04-28T19:49:46 IST" name="Default test" finished-at="2022-04-28T19:49:46 IST" duration-ms="98">
      <class name="assignment.PriorityExample$Priority_Program">
        <test-method is-config="true" signature="beforeClass()[pri:0, instance:assignment.PriorityExample$Priority_Program@5119fb47]" started-at="2022-04-28T19:49:46 IST" name="beforeClass" finished-at="2022-04-28T19:49:46 IST" duration-ms="9" status="PASS">
          <reporter-output>
          </reporter-output>
        </test-method> <!-- beforeClass -->
        <test-method is-config="true" signature="beforeMethod()[pri:0, instance:assignment.PriorityExample$Priority_Program@5119fb47]" started-at="2022-04-28T19:49:46 IST" name="beforeMethod" finished-at="2022-04-28T19:49:46 IST" duration-ms="1" status="PASS">
          <reporter-output>
          </reporter-output>
        </test-method> <!-- beforeMethod -->
        <test-method signature="a()[pri:1, instance:assignment.PriorityExample$Priority_Program@5119fb47]" started-at="2022-04-28T19:49:46 IST" name="a" finished-at="2022-04-28T19:49:46 IST" duration-ms="8" status="PASS">
          <reporter-output>
          </reporter-output>
        </test-method> <!-- a -->
        <test-method is-config="true" signature="afterMethod()[pri:0, instance:assignment.PriorityExample$Priority_Program@5119fb47]" started-at="2022-04-28T19:49:46 IST" name="afterMethod" finished-at="2022-04-28T19:49:46 IST" duration-ms="2" status="PASS">
          <reporter-output>
          </reporter-output>
        </test-method> <!-- afterMethod -->
        <test-method is-config="true" signature="beforeMethod()[pri:0, instance:assignment.PriorityExample$Priority_Program@5119fb47]" started-at="2022-04-28T19:49:46 IST" name="beforeMethod" finished-at="2022-04-28T19:49:46 IST" duration-ms="1" status="PASS">
          <reporter-output>
          </reporter-output>
        </test-method> <!-- beforeMethod -->
        <test-method signature="d()[pri:2, instance:assignment.PriorityExample$Priority_Program@5119fb47]" started-at="2022-04-28T19:49:46 IST" name="d" finished-at="2022-04-28T19:49:46 IST" duration-ms="4" status="PASS">
          <reporter-output>
          </reporter-output>
        </test-method> <!-- d -->
        <test-method is-config="true" signature="afterMethod()[pri:0, instance:assignment.PriorityExample$Priority_Program@5119fb47]" started-at="2022-04-28T19:49:46 IST" name="afterMethod" finished-at="2022-04-28T19:49:46 IST" duration-ms="1" status="PASS">
          <reporter-output>
          </reporter-output>
        </test-method> <!-- afterMethod -->
        <test-method is-config="true" signature="beforeMethod()[pri:0, instance:assignment.PriorityExample$Priority_Program@5119fb47]" started-at="2022-04-28T19:49:46 IST" name="beforeMethod" finished-at="2022-04-28T19:49:46 IST" duration-ms="0" status="PASS">
          <reporter-output>
          </reporter-output>
        </test-method> <!-- beforeMethod -->
        <test-method signature="b()[pri:3, instance:assignment.PriorityExample$Priority_Program@5119fb47]" started-at="2022-04-28T19:49:46 IST" name="b" finished-at="2022-04-28T19:49:46 IST" duration-ms="2" status="PASS">
          <reporter-output>
          </reporter-output>
        </test-method> <!-- b -->
        <test-method is-config="true" signature="afterMethod()[pri:0, instance:assignment.PriorityExample$Priority_Program@5119fb47]" started-at="2022-04-28T19:49:46 IST" name="afterMethod" finished-at="2022-04-28T19:49:46 IST" duration-ms="1" status="PASS">
          <reporter-output>
          </reporter-output>
        </test-method> <!-- afterMethod -->
        <test-method signature="c()[pri:4, instance:assignment.PriorityExample$Priority_Program@5119fb47]" started-at="2022-04-28T19:49:46 IST" name="c" finished-at="2022-04-28T19:49:46 IST" duration-ms="2" status="PASS">
          <reporter-output>
          </reporter-output>
        </test-method> <!-- c -->
        <test-method is-config="true" signature="beforeMethod()[pri:0, instance:assignment.PriorityExample$Priority_Program@5119fb47]" started-at="2022-04-28T19:49:46 IST" name="beforeMethod" finished-at="2022-04-28T19:49:46 IST" duration-ms="0" status="PASS">
          <reporter-output>
          </reporter-output>
        </test-method> <!-- beforeMethod -->
        <test-method is-config="true" signature="afterMethod()[pri:0, instance:assignment.PriorityExample$Priority_Program@5119fb47]" started-at="2022-04-28T19:49:46 IST" name="afterMethod" finished-at="2022-04-28T19:49:46 IST" duration-ms="1" status="PASS">
          <reporter-output>
          </reporter-output>
        </test-method> <!-- afterMethod -->
        <test-method is-config="true" signature="afterClass()[pri:0, instance:assignment.PriorityExample$Priority_Program@5119fb47]" started-at="2022-04-28T19:49:46 IST" name="afterClass" finished-at="2022-04-28T19:49:46 IST" duration-ms="0" status="PASS">
          <reporter-output>
          </reporter-output>
        </test-method> <!-- afterClass -->
      </class> <!-- assignment.PriorityExample$Priority_Program -->
    </test> <!-- Default test -->
  </suite> <!-- Default suite -->
</testng-results>
